<?xml version="1.0" encoding="UTF-8"?>
<!-- Generated by org.testng.reporters.JUnitReportReporter -->
<testsuite ignored="0" hostname="DESKTOP-DMLA" failures="0" tests="1" name="pruebaNG.NewTest" time="0.018" errors="0" timestamp="19 jun. 2021 15:59:07 GMT" skipped="0">
  <testcase classname="pruebaNG.NewTest" name="f" time="0.018"/>
</testsuite> <!-- pruebaNG.NewTest -->
